mode: set
developer.zopsmart.com/go/gofr/Emp-Dept/service/department/department.go:18.46,20.2 1 1
developer.zopsmart.com/go/gofr/Emp-Dept/service/department/department.go:21.37,26.2 3 1
developer.zopsmart.com/go/gofr/Emp-Dept/service/department/department.go:28.40,29.34 1 1
developer.zopsmart.com/go/gofr/Emp-Dept/service/department/department.go:33.2,33.14 1 1
developer.zopsmart.com/go/gofr/Emp-Dept/service/department/department.go:29.34,31.3 1 1
developer.zopsmart.com/go/gofr/Emp-Dept/service/department/department.go:36.63,37.9 1 1
developer.zopsmart.com/go/gofr/Emp-Dept/service/department/department.go:44.2,44.30 1 1
developer.zopsmart.com/go/gofr/Emp-Dept/service/department/department.go:38.36,39.54 1 1
developer.zopsmart.com/go/gofr/Emp-Dept/service/department/department.go:40.38,41.58 1 1
developer.zopsmart.com/go/gofr/Emp-Dept/service/department/department.go:47.89,48.47 1 1
developer.zopsmart.com/go/gofr/Emp-Dept/service/department/department.go:52.2,53.16 2 1
developer.zopsmart.com/go/gofr/Emp-Dept/service/department/department.go:57.2,57.17 1 1
developer.zopsmart.com/go/gofr/Emp-Dept/service/department/department.go:48.47,50.3 1 1
developer.zopsmart.com/go/gofr/Emp-Dept/service/department/department.go:53.16,55.3 1 1
developer.zopsmart.com/go/gofr/Emp-Dept/service/department/department.go:60.96,61.47 1 1
developer.zopsmart.com/go/gofr/Emp-Dept/service/department/department.go:65.2,66.16 2 1
developer.zopsmart.com/go/gofr/Emp-Dept/service/department/department.go:70.2,70.17 1 1
developer.zopsmart.com/go/gofr/Emp-Dept/service/department/department.go:61.47,63.3 1 1
developer.zopsmart.com/go/gofr/Emp-Dept/service/department/department.go:66.16,68.3 1 1
developer.zopsmart.com/go/gofr/Emp-Dept/service/department/department.go:73.65,75.16 2 1
developer.zopsmart.com/go/gofr/Emp-Dept/service/department/department.go:79.2,79.17 1 1
developer.zopsmart.com/go/gofr/Emp-Dept/service/department/department.go:75.16,77.3 1 1
