mode: set
github.com/zopsmart/gofr/pkg/middleware/oauth/oauth.go:17.61,25.2 3 1
github.com/zopsmart/gofr/pkg/middleware/oauth/oauth.go:27.85,30.47 2 1
github.com/zopsmart/gofr/pkg/middleware/oauth/oauth.go:30.47,31.74 1 1
github.com/zopsmart/gofr/pkg/middleware/oauth/oauth.go:31.74,32.65 1 1
github.com/zopsmart/gofr/pkg/middleware/oauth/oauth.go:37.4,39.18 3 1
github.com/zopsmart/gofr/pkg/middleware/oauth/oauth.go:46.4,51.48 4 1
github.com/zopsmart/gofr/pkg/middleware/oauth/oauth.go:32.65,35.5 2 1
github.com/zopsmart/gofr/pkg/middleware/oauth/oauth.go:39.18,45.5 4 1
github.com/zopsmart/gofr/pkg/middleware/oauth/oauth.go:58.82,62.16 3 1
github.com/zopsmart/gofr/pkg/middleware/oauth/oauth.go:67.2,72.16 3 1
github.com/zopsmart/gofr/pkg/middleware/oauth/oauth.go:76.2,79.101 2 1
github.com/zopsmart/gofr/pkg/middleware/oauth/oauth.go:88.2,88.32 1 1
github.com/zopsmart/gofr/pkg/middleware/oauth/oauth.go:92.2,92.19 1 1
github.com/zopsmart/gofr/pkg/middleware/oauth/oauth.go:62.16,64.3 1 1
github.com/zopsmart/gofr/pkg/middleware/oauth/oauth.go:72.16,74.3 1 1
github.com/zopsmart/gofr/pkg/middleware/oauth/oauth.go:79.101,81.10 2 1
github.com/zopsmart/gofr/pkg/middleware/oauth/oauth.go:85.3,85.20 1 1
github.com/zopsmart/gofr/pkg/middleware/oauth/oauth.go:81.10,83.4 1 1
github.com/zopsmart/gofr/pkg/middleware/oauth/oauth.go:88.32,90.3 1 1
github.com/zopsmart/gofr/pkg/middleware/oauth/publicKey.go:23.65,28.16 2 1
github.com/zopsmart/gofr/pkg/middleware/oauth/publicKey.go:33.2,36.16 3 1
github.com/zopsmart/gofr/pkg/middleware/oauth/publicKey.go:41.2,44.16 3 1
github.com/zopsmart/gofr/pkg/middleware/oauth/publicKey.go:49.2,49.20 1 1
github.com/zopsmart/gofr/pkg/middleware/oauth/publicKey.go:28.16,31.3 2 1
github.com/zopsmart/gofr/pkg/middleware/oauth/publicKey.go:36.16,39.3 2 0
github.com/zopsmart/gofr/pkg/middleware/oauth/publicKey.go:44.16,47.3 2 1
github.com/zopsmart/gofr/pkg/middleware/oauth/publicKey.go:52.58,53.33 1 1
github.com/zopsmart/gofr/pkg/middleware/oauth/publicKey.go:60.2,60.21 1 1
github.com/zopsmart/gofr/pkg/middleware/oauth/publicKey.go:53.33,55.20 2 1
github.com/zopsmart/gofr/pkg/middleware/oauth/publicKey.go:55.20,57.4 1 1
github.com/zopsmart/gofr/pkg/middleware/oauth/publicKey.go:63.64,64.31 1 1
github.com/zopsmart/gofr/pkg/middleware/oauth/publicKey.go:68.2,69.16 2 1
github.com/zopsmart/gofr/pkg/middleware/oauth/publicKey.go:73.2,75.30 2 1
github.com/zopsmart/gofr/pkg/middleware/oauth/publicKey.go:64.31,66.3 1 1
github.com/zopsmart/gofr/pkg/middleware/oauth/publicKey.go:69.16,71.3 1 1
github.com/zopsmart/gofr/pkg/middleware/oauth/publicKey.go:81.66,86.16 3 1
github.com/zopsmart/gofr/pkg/middleware/oauth/publicKey.go:90.2,95.16 4 1
github.com/zopsmart/gofr/pkg/middleware/oauth/publicKey.go:99.2,102.27 3 1
github.com/zopsmart/gofr/pkg/middleware/oauth/publicKey.go:109.2,114.16 4 1
github.com/zopsmart/gofr/pkg/middleware/oauth/publicKey.go:118.2,121.23 3 1
github.com/zopsmart/gofr/pkg/middleware/oauth/publicKey.go:86.16,88.3 1 1
github.com/zopsmart/gofr/pkg/middleware/oauth/publicKey.go:95.16,97.3 1 1
github.com/zopsmart/gofr/pkg/middleware/oauth/publicKey.go:102.27,105.3 2 1
github.com/zopsmart/gofr/pkg/middleware/oauth/publicKey.go:105.8,107.3 1 1
github.com/zopsmart/gofr/pkg/middleware/oauth/publicKey.go:114.16,116.3 1 0
github.com/zopsmart/gofr/pkg/middleware/oauth/publicKey.go:124.58,131.47 5 1
github.com/zopsmart/gofr/pkg/middleware/oauth/publicKey.go:138.2,138.18 1 1
github.com/zopsmart/gofr/pkg/middleware/oauth/publicKey.go:145.2,147.12 2 1
github.com/zopsmart/gofr/pkg/middleware/oauth/publicKey.go:131.47,133.3 1 1
github.com/zopsmart/gofr/pkg/middleware/oauth/publicKey.go:133.8,136.3 1 1
github.com/zopsmart/gofr/pkg/middleware/oauth/publicKey.go:138.18,139.13 1 1
github.com/zopsmart/gofr/pkg/middleware/oauth/publicKey.go:139.13,143.4 2 1
github.com/zopsmart/gofr/pkg/middleware/oauth/validation.go:14.62,18.80 3 1
github.com/zopsmart/gofr/pkg/middleware/oauth/validation.go:23.2,26.34 3 1
github.com/zopsmart/gofr/pkg/middleware/oauth/validation.go:31.2,34.16 3 1
github.com/zopsmart/gofr/pkg/middleware/oauth/validation.go:38.2,39.16 2 1
github.com/zopsmart/gofr/pkg/middleware/oauth/validation.go:43.2,43.92 1 1
github.com/zopsmart/gofr/pkg/middleware/oauth/validation.go:18.80,20.3 1 1
github.com/zopsmart/gofr/pkg/middleware/oauth/validation.go:26.34,29.3 2 1
github.com/zopsmart/gofr/pkg/middleware/oauth/validation.go:34.16,36.3 1 1
github.com/zopsmart/gofr/pkg/middleware/oauth/validation.go:39.16,41.3 1 1
github.com/zopsmart/gofr/pkg/middleware/oauth/ldap_oauth.go:14.126,19.47 3 1
github.com/zopsmart/gofr/pkg/middleware/oauth/ldap_oauth.go:19.47,20.74 1 1
github.com/zopsmart/gofr/pkg/middleware/oauth/ldap_oauth.go:20.74,21.34 1 1
github.com/zopsmart/gofr/pkg/middleware/oauth/ldap_oauth.go:26.4,27.53 2 1
github.com/zopsmart/gofr/pkg/middleware/oauth/ldap_oauth.go:21.34,24.5 2 1
github.com/zopsmart/gofr/pkg/middleware/oauth/ldap_oauth.go:27.53,30.5 2 1
github.com/zopsmart/gofr/pkg/middleware/oauth/ldap_oauth.go:30.10,30.67 1 1
github.com/zopsmart/gofr/pkg/middleware/oauth/ldap_oauth.go:30.67,36.5 5 1
github.com/zopsmart/gofr/pkg/middleware/oauth/ldap_oauth.go:36.10,41.5 4 1
github.com/zopsmart/gofr/pkg/middleware/ErrorResponse.go:13.102,20.19 5 1
github.com/zopsmart/gofr/pkg/middleware/ErrorResponse.go:25.2,25.24 1 1
github.com/zopsmart/gofr/pkg/middleware/ErrorResponse.go:35.2,37.28 3 1
github.com/zopsmart/gofr/pkg/middleware/ErrorResponse.go:20.19,23.3 2 1
github.com/zopsmart/gofr/pkg/middleware/ErrorResponse.go:26.37,29.30 3 1
github.com/zopsmart/gofr/pkg/middleware/ErrorResponse.go:30.20,32.26 2 1
github.com/zopsmart/gofr/pkg/middleware/ErrorResponse.go:40.91,55.2 2 1
github.com/zopsmart/gofr/pkg/middleware/headers.go:23.56,24.71 1 1
github.com/zopsmart/gofr/pkg/middleware/headers.go:24.71,33.26 7 1
github.com/zopsmart/gofr/pkg/middleware/headers.go:37.3,37.23 1 1
github.com/zopsmart/gofr/pkg/middleware/headers.go:41.3,43.24 2 1
github.com/zopsmart/gofr/pkg/middleware/headers.go:33.26,35.4 1 1
github.com/zopsmart/gofr/pkg/middleware/headers.go:37.23,39.4 1 0
github.com/zopsmart/gofr/pkg/middleware/logging.go:22.56,25.2 2 1
github.com/zopsmart/gofr/pkg/middleware/logging.go:39.35,42.2 2 1
github.com/zopsmart/gofr/pkg/middleware/logging.go:58.87,61.47 2 1
github.com/zopsmart/gofr/pkg/middleware/logging.go:61.47,62.72 1 1
github.com/zopsmart/gofr/pkg/middleware/logging.go:62.72,70.61 6 1
github.com/zopsmart/gofr/pkg/middleware/logging.go:101.4,101.27 1 1
github.com/zopsmart/gofr/pkg/middleware/logging.go:70.61,84.22 3 1
github.com/zopsmart/gofr/pkg/middleware/logging.go:84.22,87.35 3 1
github.com/zopsmart/gofr/pkg/middleware/logging.go:93.6,93.48 1 1
github.com/zopsmart/gofr/pkg/middleware/logging.go:87.35,89.7 1 1
github.com/zopsmart/gofr/pkg/middleware/logging.go:93.48,95.7 1 0
github.com/zopsmart/gofr/pkg/middleware/logging.go:95.12,97.7 1 1
github.com/zopsmart/gofr/pkg/middleware/logging.go:106.47,108.25 2 1
github.com/zopsmart/gofr/pkg/middleware/logging.go:112.2,112.25 1 1
github.com/zopsmart/gofr/pkg/middleware/logging.go:116.2,116.22 1 1
github.com/zopsmart/gofr/pkg/middleware/logging.go:108.25,110.3 1 1
github.com/zopsmart/gofr/pkg/middleware/logging.go:112.25,114.3 1 1
github.com/zopsmart/gofr/pkg/middleware/logging.go:119.43,128.21 4 1
github.com/zopsmart/gofr/pkg/middleware/logging.go:132.2,132.37 1 1
github.com/zopsmart/gofr/pkg/middleware/logging.go:128.21,130.3 1 1
github.com/zopsmart/gofr/pkg/middleware/logging.go:135.90,138.28 2 1
github.com/zopsmart/gofr/pkg/middleware/logging.go:151.2,151.16 1 1
github.com/zopsmart/gofr/pkg/middleware/logging.go:138.28,140.43 2 1
github.com/zopsmart/gofr/pkg/middleware/logging.go:140.43,141.36 1 1
github.com/zopsmart/gofr/pkg/middleware/logging.go:141.36,143.5 1 1
github.com/zopsmart/gofr/pkg/middleware/logging.go:143.10,145.5 1 1
github.com/zopsmart/gofr/pkg/middleware/logging.go:146.9,148.4 1 1
github.com/zopsmart/gofr/pkg/middleware/logging.go:154.77,156.20 2 1
github.com/zopsmart/gofr/pkg/middleware/logging.go:156.20,158.3 1 1
github.com/zopsmart/gofr/pkg/middleware/logging.go:161.55,165.51 3 1
github.com/zopsmart/gofr/pkg/middleware/logging.go:169.2,169.32 1 1
github.com/zopsmart/gofr/pkg/middleware/logging.go:175.2,175.23 1 1
github.com/zopsmart/gofr/pkg/middleware/logging.go:165.51,167.3 1 1
github.com/zopsmart/gofr/pkg/middleware/logging.go:169.32,173.3 2 1
github.com/zopsmart/gofr/pkg/middleware/logging.go:178.63,182.22 3 1
github.com/zopsmart/gofr/pkg/middleware/logging.go:186.2,186.48 1 1
github.com/zopsmart/gofr/pkg/middleware/logging.go:190.2,193.25 3 1
github.com/zopsmart/gofr/pkg/middleware/logging.go:197.2,197.16 1 1
github.com/zopsmart/gofr/pkg/middleware/logging.go:182.22,184.3 1 0
github.com/zopsmart/gofr/pkg/middleware/logging.go:186.48,188.3 1 1
github.com/zopsmart/gofr/pkg/middleware/logging.go:193.25,195.3 1 1
github.com/zopsmart/gofr/pkg/middleware/newrelic.go:15.72,19.47 3 1
github.com/zopsmart/gofr/pkg/middleware/newrelic.go:19.47,20.72 1 1
github.com/zopsmart/gofr/pkg/middleware/newrelic.go:20.72,22.17 2 1
github.com/zopsmart/gofr/pkg/middleware/newrelic.go:25.4,27.25 3 1
github.com/zopsmart/gofr/pkg/middleware/newrelic.go:22.17,24.5 1 1
github.com/zopsmart/gofr/pkg/middleware/newrelic.go:33.68,36.2 2 1
github.com/zopsmart/gofr/pkg/middleware/newrelic.go:39.50,41.8 2 1
github.com/zopsmart/gofr/pkg/middleware/newrelic.go:41.8,43.3 1 1
github.com/zopsmart/gofr/pkg/middleware/prometheus.go:20.59,21.71 1 0
github.com/zopsmart/gofr/pkg/middleware/prometheus.go:21.71,27.3 5 0
github.com/zopsmart/gofr/pkg/middleware/recover.go:8.67,9.47 1 1
github.com/zopsmart/gofr/pkg/middleware/recover.go:9.47,10.72 1 1
github.com/zopsmart/gofr/pkg/middleware/recover.go:10.72,13.4 2 1
github.com/zopsmart/gofr/pkg/middleware/recover.go:17.75,20.15 2 1
github.com/zopsmart/gofr/pkg/middleware/recover.go:20.15,22.25 2 1
github.com/zopsmart/gofr/pkg/middleware/recover.go:31.3,32.32 2 1
github.com/zopsmart/gofr/pkg/middleware/recover.go:36.3,44.33 5 1
github.com/zopsmart/gofr/pkg/middleware/recover.go:23.15,24.9 1 1
github.com/zopsmart/gofr/pkg/middleware/recover.go:25.14,26.17 1 1
github.com/zopsmart/gofr/pkg/middleware/recover.go:27.11,28.28 1 1
github.com/zopsmart/gofr/pkg/middleware/recover.go:32.32,34.4 1 0
github.com/zopsmart/gofr/pkg/middleware/trace.go:11.45,12.71 1 1
github.com/zopsmart/gofr/pkg/middleware/trace.go:12.71,18.3 4 1
github.com/zopsmart/gofr/pkg/middleware/cors.go:12.79,13.47 1 1
github.com/zopsmart/gofr/pkg/middleware/cors.go:13.47,14.72 1 1
github.com/zopsmart/gofr/pkg/middleware/cors.go:14.72,16.40 2 1
github.com/zopsmart/gofr/pkg/middleware/cors.go:20.4,20.25 1 1
github.com/zopsmart/gofr/pkg/middleware/cors.go:16.40,18.5 1 1
github.com/zopsmart/gofr/pkg/middleware/cors.go:27.74,30.45 2 1
github.com/zopsmart/gofr/pkg/middleware/cors.go:48.2,48.34 1 1
github.com/zopsmart/gofr/pkg/middleware/cors.go:30.45,32.53 1 1
github.com/zopsmart/gofr/pkg/middleware/cors.go:38.3,38.17 1 1
github.com/zopsmart/gofr/pkg/middleware/cors.go:32.53,34.12 2 1
github.com/zopsmart/gofr/pkg/middleware/cors.go:39.38,40.43 1 1
github.com/zopsmart/gofr/pkg/middleware/cors.go:41.39,42.54 1 1
github.com/zopsmart/gofr/pkg/middleware/cors.go:43.39,44.54 1 1
github.com/zopsmart/gofr/pkg/middleware/cors.go:51.35,60.2 1 1
github.com/zopsmart/gofr/pkg/middleware/errors.go:7.31,9.2 1 1
github.com/zopsmart/gofr/pkg/middleware/errors.go:21.69,22.13 1 1
github.com/zopsmart/gofr/pkg/middleware/errors.go:46.2,46.8 1 1
github.com/zopsmart/gofr/pkg/middleware/errors.go:23.23,25.39 2 0
github.com/zopsmart/gofr/pkg/middleware/errors.go:26.25,28.39 2 0
github.com/zopsmart/gofr/pkg/middleware/errors.go:29.22,31.46 2 0
github.com/zopsmart/gofr/pkg/middleware/errors.go:32.24,34.39 2 1
github.com/zopsmart/gofr/pkg/middleware/errors.go:35.24,37.37 2 0
github.com/zopsmart/gofr/pkg/middleware/errors.go:38.23,40.36 2 0
github.com/zopsmart/gofr/pkg/middleware/errors.go:41.26,43.39 2 0
github.com/zopsmart/gofr/pkg/middleware/headerValidation.go:39.94,40.47 1 1
github.com/zopsmart/gofr/pkg/middleware/headerValidation.go:40.47,41.72 1 1
github.com/zopsmart/gofr/pkg/middleware/headerValidation.go:41.72,42.21 1 1
github.com/zopsmart/gofr/pkg/middleware/headerValidation.go:47.4,51.24 3 1
github.com/zopsmart/gofr/pkg/middleware/headerValidation.go:55.4,56.19 2 1
github.com/zopsmart/gofr/pkg/middleware/headerValidation.go:60.4,60.32 1 1
github.com/zopsmart/gofr/pkg/middleware/headerValidation.go:66.4,71.25 5 1
github.com/zopsmart/gofr/pkg/middleware/headerValidation.go:42.21,45.5 2 0
github.com/zopsmart/gofr/pkg/middleware/headerValidation.go:51.24,53.5 1 1
github.com/zopsmart/gofr/pkg/middleware/headerValidation.go:56.19,58.5 1 1
github.com/zopsmart/gofr/pkg/middleware/headerValidation.go:60.32,63.5 2 1
github.com/zopsmart/gofr/pkg/middleware/headerValidation.go:76.39,78.2 1 1
github.com/zopsmart/gofr/pkg/middleware/headerValidation.go:80.57,83.17 2 1
github.com/zopsmart/gofr/pkg/middleware/headerValidation.go:87.2,97.3 3 1
github.com/zopsmart/gofr/pkg/middleware/headerValidation.go:83.17,85.3 1 1
github.com/zopsmart/gofr/pkg/middleware/headerValidation.go:101.43,103.44 2 1
github.com/zopsmart/gofr/pkg/middleware/headerValidation.go:107.2,107.13 1 1
github.com/zopsmart/gofr/pkg/middleware/headerValidation.go:103.44,105.3 1 1
github.com/zopsmart/gofr/pkg/middleware/headerValidation.go:111.49,115.2 2 1
github.com/zopsmart/gofr/pkg/middleware/headerValidation.go:121.78,126.31 3 1
github.com/zopsmart/gofr/pkg/middleware/headerValidation.go:130.2,130.40 1 1
github.com/zopsmart/gofr/pkg/middleware/headerValidation.go:170.2,170.13 1 1
github.com/zopsmart/gofr/pkg/middleware/headerValidation.go:126.31,128.3 1 1
github.com/zopsmart/gofr/pkg/middleware/headerValidation.go:130.40,134.64 2 1
github.com/zopsmart/gofr/pkg/middleware/headerValidation.go:140.3,140.49 1 1
github.com/zopsmart/gofr/pkg/middleware/headerValidation.go:153.3,153.63 1 1
github.com/zopsmart/gofr/pkg/middleware/headerValidation.go:161.3,161.22 1 1
github.com/zopsmart/gofr/pkg/middleware/headerValidation.go:134.64,136.12 2 1
github.com/zopsmart/gofr/pkg/middleware/headerValidation.go:140.49,142.17 2 1
github.com/zopsmart/gofr/pkg/middleware/headerValidation.go:147.4,149.12 2 1
github.com/zopsmart/gofr/pkg/middleware/headerValidation.go:142.17,144.13 2 1
github.com/zopsmart/gofr/pkg/middleware/headerValidation.go:153.63,156.12 2 1
github.com/zopsmart/gofr/pkg/middleware/headerValidation.go:161.22,162.24 1 1
github.com/zopsmart/gofr/pkg/middleware/headerValidation.go:162.24,164.5 1 1
github.com/zopsmart/gofr/pkg/middleware/headerValidation.go:164.10,166.5 1 1
github.com/zopsmart/gofr/pkg/middleware/ldap.go:64.64,75.2 3 1
github.com/zopsmart/gofr/pkg/middleware/ldap.go:78.89,81.47 2 1
github.com/zopsmart/gofr/pkg/middleware/ldap.go:81.47,82.72 1 1
github.com/zopsmart/gofr/pkg/middleware/ldap.go:82.72,83.21 1 1
github.com/zopsmart/gofr/pkg/middleware/ldap.go:88.4,88.48 1 1
github.com/zopsmart/gofr/pkg/middleware/ldap.go:95.4,95.25 1 1
github.com/zopsmart/gofr/pkg/middleware/ldap.go:83.21,86.5 2 1
github.com/zopsmart/gofr/pkg/middleware/ldap.go:88.48,93.5 4 1
github.com/zopsmart/gofr/pkg/middleware/ldap.go:100.67,105.56 3 1
github.com/zopsmart/gofr/pkg/middleware/ldap.go:121.2,121.16 1 1
github.com/zopsmart/gofr/pkg/middleware/ldap.go:125.2,126.16 2 1
github.com/zopsmart/gofr/pkg/middleware/ldap.go:130.2,132.23 2 1
github.com/zopsmart/gofr/pkg/middleware/ldap.go:138.2,138.12 1 1
github.com/zopsmart/gofr/pkg/middleware/ldap.go:105.56,107.17 2 1
github.com/zopsmart/gofr/pkg/middleware/ldap.go:113.3,113.49 1 1
github.com/zopsmart/gofr/pkg/middleware/ldap.go:107.17,111.4 2 1
github.com/zopsmart/gofr/pkg/middleware/ldap.go:113.49,117.9 3 1
github.com/zopsmart/gofr/pkg/middleware/ldap.go:121.16,123.3 1 1
github.com/zopsmart/gofr/pkg/middleware/ldap.go:126.16,128.3 1 1
github.com/zopsmart/gofr/pkg/middleware/ldap.go:132.23,134.3 1 1
github.com/zopsmart/gofr/pkg/middleware/ldap.go:134.8,134.41 1 1
github.com/zopsmart/gofr/pkg/middleware/ldap.go:134.41,136.3 1 1
github.com/zopsmart/gofr/pkg/middleware/ldap.go:141.49,144.28 2 1
github.com/zopsmart/gofr/pkg/middleware/ldap.go:150.2,150.14 1 1
github.com/zopsmart/gofr/pkg/middleware/ldap.go:144.28,145.37 1 1
github.com/zopsmart/gofr/pkg/middleware/ldap.go:145.37,147.4 1 1
github.com/zopsmart/gofr/pkg/middleware/ldap.go:153.51,154.6 1 1
github.com/zopsmart/gofr/pkg/middleware/ldap.go:154.6,159.48 4 1
github.com/zopsmart/gofr/pkg/middleware/ldap.go:164.3,164.80 1 1
github.com/zopsmart/gofr/pkg/middleware/ldap.go:159.48,161.9 2 1
github.com/zopsmart/gofr/pkg/middleware/ldap.go:168.64,171.18 2 1
github.com/zopsmart/gofr/pkg/middleware/ldap.go:184.2,184.8 1 1
github.com/zopsmart/gofr/pkg/middleware/ldap.go:171.18,173.17 2 1
github.com/zopsmart/gofr/pkg/middleware/ldap.go:177.3,181.29 3 1
github.com/zopsmart/gofr/pkg/middleware/ldap.go:173.17,175.4 1 1
github.com/zopsmart/gofr/pkg/middleware/ldap.go:187.62,195.2 4 1
github.com/zopsmart/gofr/pkg/middleware/ldap.go:197.64,198.46 1 1
github.com/zopsmart/gofr/pkg/middleware/ldap.go:198.46,205.3 4 1
github.com/zopsmart/gofr/pkg/middleware/ldap.go:208.66,211.32 2 1
github.com/zopsmart/gofr/pkg/middleware/ldap.go:226.2,226.20 1 1
github.com/zopsmart/gofr/pkg/middleware/ldap.go:211.32,214.32 2 1
github.com/zopsmart/gofr/pkg/middleware/ldap.go:214.32,215.48 1 1
github.com/zopsmart/gofr/pkg/middleware/ldap.go:215.48,216.35 1 1
github.com/zopsmart/gofr/pkg/middleware/ldap.go:216.35,220.11 3 1
github.com/zopsmart/gofr/pkg/middleware/ldap.go:229.67,235.15 4 1
github.com/zopsmart/gofr/pkg/middleware/ldap.go:239.2,239.94 1 1
github.com/zopsmart/gofr/pkg/middleware/ldap.go:243.2,249.16 3 1
github.com/zopsmart/gofr/pkg/middleware/ldap.go:253.2,253.24 1 1
github.com/zopsmart/gofr/pkg/middleware/ldap.go:235.15,237.3 1 1
github.com/zopsmart/gofr/pkg/middleware/ldap.go:239.94,241.3 1 1
github.com/zopsmart/gofr/pkg/middleware/ldap.go:249.16,251.3 1 0
github.com/zopsmart/gofr/pkg/middleware/ldap.go:256.79,260.22 3 1
github.com/zopsmart/gofr/pkg/middleware/ldap.go:264.2,264.48 1 1
github.com/zopsmart/gofr/pkg/middleware/ldap.go:268.2,271.25 3 1
github.com/zopsmart/gofr/pkg/middleware/ldap.go:275.2,275.30 1 1
github.com/zopsmart/gofr/pkg/middleware/ldap.go:260.22,262.3 1 1
github.com/zopsmart/gofr/pkg/middleware/ldap.go:264.48,266.3 1 1
github.com/zopsmart/gofr/pkg/middleware/ldap.go:271.25,273.3 1 1
