mode: set
developer.zopsmart.com/go/gofr/Emp-Dept/handler/employee/employee.go:19.38,21.2 1 1
developer.zopsmart.com/go/gofr/Emp-Dept/handler/employee/employee.go:23.63,27.16 3 1
developer.zopsmart.com/go/gofr/Emp-Dept/handler/employee/employee.go:31.2,32.16 2 1
developer.zopsmart.com/go/gofr/Emp-Dept/handler/employee/employee.go:36.2,36.17 1 1
developer.zopsmart.com/go/gofr/Emp-Dept/handler/employee/employee.go:27.16,29.3 1 1
developer.zopsmart.com/go/gofr/Emp-Dept/handler/employee/employee.go:32.16,34.3 1 1
developer.zopsmart.com/go/gofr/Emp-Dept/handler/employee/employee.go:39.62,45.16 4 1
developer.zopsmart.com/go/gofr/Emp-Dept/handler/employee/employee.go:49.2,50.16 2 1
developer.zopsmart.com/go/gofr/Emp-Dept/handler/employee/employee.go:55.2,56.16 2 1
developer.zopsmart.com/go/gofr/Emp-Dept/handler/employee/employee.go:60.2,60.17 1 1
developer.zopsmart.com/go/gofr/Emp-Dept/handler/employee/employee.go:45.16,47.3 1 1
developer.zopsmart.com/go/gofr/Emp-Dept/handler/employee/employee.go:50.16,53.3 2 1
developer.zopsmart.com/go/gofr/Emp-Dept/handler/employee/employee.go:56.16,58.3 1 1
developer.zopsmart.com/go/gofr/Emp-Dept/handler/employee/employee.go:63.65,67.16 3 1
developer.zopsmart.com/go/gofr/Emp-Dept/handler/employee/employee.go:71.2,72.16 2 1
developer.zopsmart.com/go/gofr/Emp-Dept/handler/employee/employee.go:76.2,76.17 1 1
developer.zopsmart.com/go/gofr/Emp-Dept/handler/employee/employee.go:67.16,69.3 1 1
developer.zopsmart.com/go/gofr/Emp-Dept/handler/employee/employee.go:72.16,74.3 1 1
developer.zopsmart.com/go/gofr/Emp-Dept/handler/employee/employee.go:79.62,83.16 3 1
developer.zopsmart.com/go/gofr/Emp-Dept/handler/employee/employee.go:87.2,88.16 2 1
developer.zopsmart.com/go/gofr/Emp-Dept/handler/employee/employee.go:92.2,92.17 1 1
developer.zopsmart.com/go/gofr/Emp-Dept/handler/employee/employee.go:83.16,85.3 1 1
developer.zopsmart.com/go/gofr/Emp-Dept/handler/employee/employee.go:88.16,90.3 1 1
developer.zopsmart.com/go/gofr/Emp-Dept/handler/employee/employee.go:95.65,100.16 4 1
developer.zopsmart.com/go/gofr/Emp-Dept/handler/employee/employee.go:104.2,105.16 2 1
developer.zopsmart.com/go/gofr/Emp-Dept/handler/employee/employee.go:109.2,109.17 1 1
developer.zopsmart.com/go/gofr/Emp-Dept/handler/employee/employee.go:100.16,102.3 1 1
developer.zopsmart.com/go/gofr/Emp-Dept/handler/employee/employee.go:105.16,107.3 1 1
