mode: set
EmployeeDepartment/Service/Department/validateDepartment.go:13.51,15.2 1 1
EmployeeDepartment/Service/Department/validateDepartment.go:17.37,19.38 2 1
EmployeeDepartment/Service/Department/validateDepartment.go:22.2,22.14 1 1
EmployeeDepartment/Service/Department/validateDepartment.go:19.38,21.3 1 1
EmployeeDepartment/Service/Department/validateDepartment.go:25.40,26.34 1 1
EmployeeDepartment/Service/Department/validateDepartment.go:29.2,29.14 1 1
EmployeeDepartment/Service/Department/validateDepartment.go:26.34,28.3 1 1
EmployeeDepartment/Service/Department/validateDepartment.go:32.93,33.74 1 1
EmployeeDepartment/Service/Department/validateDepartment.go:40.2,40.30 1 1
EmployeeDepartment/Service/Department/validateDepartment.go:33.74,35.17 2 1
EmployeeDepartment/Service/Department/validateDepartment.go:38.3,38.13 1 1
EmployeeDepartment/Service/Department/validateDepartment.go:35.17,37.4 1 1
EmployeeDepartment/Service/Department/validateDepartment.go:43.100,44.74 1 1
EmployeeDepartment/Service/Department/validateDepartment.go:51.2,51.30 1 1
EmployeeDepartment/Service/Department/validateDepartment.go:44.74,46.17 2 1
EmployeeDepartment/Service/Department/validateDepartment.go:49.3,49.13 1 1
EmployeeDepartment/Service/Department/validateDepartment.go:46.17,48.4 1 1
EmployeeDepartment/Service/Department/validateDepartment.go:54.55,56.16 2 1
EmployeeDepartment/Service/Department/validateDepartment.go:59.2,59.12 1 1
EmployeeDepartment/Service/Department/validateDepartment.go:56.16,58.3 1 1
