mode: set
EmployeeDepartment/service/department/department.go:18.41,20.2 1 1
EmployeeDepartment/service/department/department.go:22.37,27.2 3 1
EmployeeDepartment/service/department/department.go:29.40,30.34 1 1
EmployeeDepartment/service/department/department.go:34.2,34.14 1 1
EmployeeDepartment/service/department/department.go:30.34,32.3 1 1
EmployeeDepartment/service/department/department.go:37.72,38.9 1 1
EmployeeDepartment/service/department/department.go:45.2,45.39 1 1
EmployeeDepartment/service/department/department.go:39.32,40.51 1 1
EmployeeDepartment/service/department/department.go:41.38,42.54 1 1
EmployeeDepartment/service/department/department.go:48.107,49.50 1 1
EmployeeDepartment/service/department/department.go:53.2,54.16 2 1
EmployeeDepartment/service/department/department.go:58.2,58.17 1 1
EmployeeDepartment/service/department/department.go:49.50,51.3 1 1
EmployeeDepartment/service/department/department.go:54.16,56.3 1 1
EmployeeDepartment/service/department/department.go:61.115,62.50 1 1
EmployeeDepartment/service/department/department.go:66.2,67.16 2 1
EmployeeDepartment/service/department/department.go:71.2,71.17 1 1
EmployeeDepartment/service/department/department.go:62.50,64.3 1 1
EmployeeDepartment/service/department/department.go:67.16,69.3 1 1
EmployeeDepartment/service/department/department.go:74.67,76.16 2 1
EmployeeDepartment/service/department/department.go:80.2,80.17 1 1
EmployeeDepartment/service/department/department.go:76.16,78.3 1 1
EmployeeDepartment/service/department/department.go:83.90,85.16 2 1
EmployeeDepartment/service/department/department.go:88.2,88.18 1 1
EmployeeDepartment/service/department/department.go:85.16,87.3 1 1
