mode: set
EmployeeDepartment/handler/employee/employee.go:24.40,26.2 1 1
EmployeeDepartment/handler/employee/employee.go:28.74,32.16 3 1
EmployeeDepartment/handler/employee/employee.go:36.2,37.16 2 1
EmployeeDepartment/handler/employee/employee.go:42.2,43.16 2 1
EmployeeDepartment/handler/employee/employee.go:48.2,48.51 1 1
EmployeeDepartment/handler/employee/employee.go:32.16,34.3 1 0
EmployeeDepartment/handler/employee/employee.go:37.16,40.3 2 1
EmployeeDepartment/handler/employee/employee.go:43.16,46.3 2 1
EmployeeDepartment/handler/employee/employee.go:51.73,55.26 3 1
EmployeeDepartment/handler/employee/employee.go:60.2,61.16 2 1
EmployeeDepartment/handler/employee/employee.go:66.2,67.16 2 1
EmployeeDepartment/handler/employee/employee.go:72.2,72.51 1 1
EmployeeDepartment/handler/employee/employee.go:55.26,58.3 2 1
EmployeeDepartment/handler/employee/employee.go:61.16,64.3 2 1
EmployeeDepartment/handler/employee/employee.go:67.16,70.3 2 1
EmployeeDepartment/handler/employee/employee.go:75.73,81.16 4 1
EmployeeDepartment/handler/employee/employee.go:86.2,87.16 2 1
EmployeeDepartment/handler/employee/employee.go:92.2,93.16 2 1
EmployeeDepartment/handler/employee/employee.go:97.2,98.16 2 1
EmployeeDepartment/handler/employee/employee.go:103.2,104.16 2 1
EmployeeDepartment/handler/employee/employee.go:109.2,109.51 1 1
EmployeeDepartment/handler/employee/employee.go:81.16,84.3 2 1
EmployeeDepartment/handler/employee/employee.go:87.16,90.3 2 1
EmployeeDepartment/handler/employee/employee.go:93.16,95.3 1 0
EmployeeDepartment/handler/employee/employee.go:98.16,101.3 2 1
EmployeeDepartment/handler/employee/employee.go:104.16,107.3 2 1
EmployeeDepartment/handler/employee/employee.go:112.76,114.16 2 1
EmployeeDepartment/handler/employee/employee.go:119.2,120.16 2 1
EmployeeDepartment/handler/employee/employee.go:125.2,125.51 1 1
EmployeeDepartment/handler/employee/employee.go:114.16,117.3 2 1
EmployeeDepartment/handler/employee/employee.go:120.16,123.3 2 1
EmployeeDepartment/handler/employee/employee.go:128.69,133.16 4 1
EmployeeDepartment/handler/employee/employee.go:138.2,139.16 2 1
EmployeeDepartment/handler/employee/employee.go:144.2,144.51 1 1
EmployeeDepartment/handler/employee/employee.go:133.16,136.3 2 1
EmployeeDepartment/handler/employee/employee.go:139.16,142.3 2 1
