mode: set
EmployeeDepartment/store/department/department.go:16.28,18.2 1 1
EmployeeDepartment/store/department/department.go:20.105,22.16 2 1
EmployeeDepartment/store/department/department.go:26.2,27.23 2 1
EmployeeDepartment/store/department/department.go:31.2,31.82 1 1
EmployeeDepartment/store/department/department.go:22.16,24.3 1 1
EmployeeDepartment/store/department/department.go:27.23,29.3 1 1
EmployeeDepartment/store/department/department.go:34.113,36.16 2 1
EmployeeDepartment/store/department/department.go:40.2,41.23 2 1
EmployeeDepartment/store/department/department.go:45.2,45.83 1 1
EmployeeDepartment/store/department/department.go:36.16,38.3 1 1
EmployeeDepartment/store/department/department.go:41.23,43.3 1 1
EmployeeDepartment/store/department/department.go:48.65,50.16 2 1
EmployeeDepartment/store/department/department.go:54.2,55.23 2 1
EmployeeDepartment/store/department/department.go:59.2,59.78 1 1
EmployeeDepartment/store/department/department.go:50.16,52.3 1 1
EmployeeDepartment/store/department/department.go:55.23,57.3 1 1
EmployeeDepartment/store/department/department.go:62.88,65.16 3 1
EmployeeDepartment/store/department/department.go:69.2,71.18 3 1
EmployeeDepartment/store/department/department.go:65.16,67.3 1 1
