mode: set
developer.zopsmart.com/go/gofr/Emp-Dept/service/employee/employee.go:19.40,21.2 1 1
developer.zopsmart.com/go/gofr/Emp-Dept/service/employee/employee.go:23.35,25.26 2 1
developer.zopsmart.com/go/gofr/Emp-Dept/service/employee/employee.go:29.2,34.45 4 1
developer.zopsmart.com/go/gofr/Emp-Dept/service/employee/employee.go:25.26,27.3 1 1
developer.zopsmart.com/go/gofr/Emp-Dept/service/employee/employee.go:38.34,41.2 2 1
developer.zopsmart.com/go/gofr/Emp-Dept/service/employee/employee.go:43.36,48.2 3 1
developer.zopsmart.com/go/gofr/Emp-Dept/service/employee/employee.go:50.77,53.16 2 1
developer.zopsmart.com/go/gofr/Emp-Dept/service/employee/employee.go:54.20,55.32 1 1
developer.zopsmart.com/go/gofr/Emp-Dept/service/employee/employee.go:59.3,59.15 1 1
developer.zopsmart.com/go/gofr/Emp-Dept/service/employee/employee.go:60.21,61.36 1 1
developer.zopsmart.com/go/gofr/Emp-Dept/service/employee/employee.go:65.3,65.15 1 1
developer.zopsmart.com/go/gofr/Emp-Dept/service/employee/employee.go:67.10,68.30 1 1
developer.zopsmart.com/go/gofr/Emp-Dept/service/employee/employee.go:72.3,72.15 1 1
developer.zopsmart.com/go/gofr/Emp-Dept/service/employee/employee.go:55.32,57.4 1 1
developer.zopsmart.com/go/gofr/Emp-Dept/service/employee/employee.go:61.36,63.4 1 1
developer.zopsmart.com/go/gofr/Emp-Dept/service/employee/employee.go:68.30,70.4 1 1
developer.zopsmart.com/go/gofr/Emp-Dept/service/employee/employee.go:76.87,77.9 1 1
developer.zopsmart.com/go/gofr/Emp-Dept/service/employee/employee.go:88.2,88.30 1 1
developer.zopsmart.com/go/gofr/Emp-Dept/service/employee/employee.go:78.29,79.53 1 1
developer.zopsmart.com/go/gofr/Emp-Dept/service/employee/employee.go:80.35,81.56 1 1
developer.zopsmart.com/go/gofr/Emp-Dept/service/employee/employee.go:82.31,83.54 1 1
developer.zopsmart.com/go/gofr/Emp-Dept/service/employee/employee.go:84.45,85.56 1 1
developer.zopsmart.com/go/gofr/Emp-Dept/service/employee/employee.go:91.86,93.16 2 1
developer.zopsmart.com/go/gofr/Emp-Dept/service/employee/employee.go:97.2,97.53 1 1
developer.zopsmart.com/go/gofr/Emp-Dept/service/employee/employee.go:101.2,102.16 2 1
developer.zopsmart.com/go/gofr/Emp-Dept/service/employee/employee.go:106.2,106.17 1 1
developer.zopsmart.com/go/gofr/Emp-Dept/service/employee/employee.go:93.16,95.3 1 1
developer.zopsmart.com/go/gofr/Emp-Dept/service/employee/employee.go:97.53,99.3 1 1
developer.zopsmart.com/go/gofr/Emp-Dept/service/employee/employee.go:102.16,104.3 1 1
developer.zopsmart.com/go/gofr/Emp-Dept/service/employee/employee.go:109.99,111.16 2 1
developer.zopsmart.com/go/gofr/Emp-Dept/service/employee/employee.go:114.2,114.53 1 1
developer.zopsmart.com/go/gofr/Emp-Dept/service/employee/employee.go:118.2,119.16 2 1
developer.zopsmart.com/go/gofr/Emp-Dept/service/employee/employee.go:123.2,123.17 1 1
developer.zopsmart.com/go/gofr/Emp-Dept/service/employee/employee.go:111.16,113.3 1 1
developer.zopsmart.com/go/gofr/Emp-Dept/service/employee/employee.go:114.53,116.3 1 1
developer.zopsmart.com/go/gofr/Emp-Dept/service/employee/employee.go:119.16,121.3 1 1
developer.zopsmart.com/go/gofr/Emp-Dept/service/employee/employee.go:126.79,128.16 2 1
developer.zopsmart.com/go/gofr/Emp-Dept/service/employee/employee.go:132.2,132.17 1 1
developer.zopsmart.com/go/gofr/Emp-Dept/service/employee/employee.go:128.16,130.3 1 1
developer.zopsmart.com/go/gofr/Emp-Dept/service/employee/employee.go:135.76,137.16 2 1
developer.zopsmart.com/go/gofr/Emp-Dept/service/employee/employee.go:141.2,141.17 1 1
developer.zopsmart.com/go/gofr/Emp-Dept/service/employee/employee.go:137.16,139.3 1 1
developer.zopsmart.com/go/gofr/Emp-Dept/service/employee/employee.go:144.96,146.16 2 1
developer.zopsmart.com/go/gofr/Emp-Dept/service/employee/employee.go:150.2,150.17 1 1
developer.zopsmart.com/go/gofr/Emp-Dept/service/employee/employee.go:146.16,148.3 1 1
developer.zopsmart.com/go/gofr/Emp-Dept/service/employee/employee.go:153.88,155.16 2 1
developer.zopsmart.com/go/gofr/Emp-Dept/service/employee/employee.go:159.2,159.17 1 1
developer.zopsmart.com/go/gofr/Emp-Dept/service/employee/employee.go:155.16,157.3 1 1
