mode: set
EmployeeDepartment/service/employee/employee.go:22.38,24.2 1 1
EmployeeDepartment/service/employee/employee.go:26.35,28.26 2 1
EmployeeDepartment/service/employee/employee.go:32.2,35.16 3 1
EmployeeDepartment/service/employee/employee.go:39.2,40.42 2 1
EmployeeDepartment/service/employee/employee.go:44.2,44.14 1 1
EmployeeDepartment/service/employee/employee.go:28.26,30.3 1 1
EmployeeDepartment/service/employee/employee.go:35.16,37.3 1 0
EmployeeDepartment/service/employee/employee.go:40.42,42.3 1 1
EmployeeDepartment/service/employee/employee.go:47.34,50.2 2 1
EmployeeDepartment/service/employee/employee.go:52.36,57.2 3 1
EmployeeDepartment/service/employee/employee.go:59.77,62.16 2 1
EmployeeDepartment/service/employee/employee.go:63.20,64.32 1 1
EmployeeDepartment/service/employee/employee.go:68.3,68.15 1 1
EmployeeDepartment/service/employee/employee.go:69.21,70.36 1 1
EmployeeDepartment/service/employee/employee.go:74.3,74.15 1 1
EmployeeDepartment/service/employee/employee.go:76.10,77.30 1 1
EmployeeDepartment/service/employee/employee.go:81.3,81.15 1 1
EmployeeDepartment/service/employee/employee.go:64.32,66.4 1 1
EmployeeDepartment/service/employee/employee.go:70.36,72.4 1 1
EmployeeDepartment/service/employee/employee.go:77.30,79.4 1 1
EmployeeDepartment/service/employee/employee.go:85.96,86.9 1 1
EmployeeDepartment/service/employee/employee.go:97.2,97.39 1 1
EmployeeDepartment/service/employee/employee.go:87.29,88.80 1 1
EmployeeDepartment/service/employee/employee.go:89.35,90.52 1 1
EmployeeDepartment/service/employee/employee.go:91.31,92.51 1 1
EmployeeDepartment/service/employee/employee.go:93.45,94.50 1 1
EmployeeDepartment/service/employee/employee.go:100.103,102.16 2 1
EmployeeDepartment/service/employee/employee.go:105.2,105.54 1 1
EmployeeDepartment/service/employee/employee.go:109.2,110.16 2 1
EmployeeDepartment/service/employee/employee.go:114.2,114.17 1 1
EmployeeDepartment/service/employee/employee.go:102.16,104.3 1 1
EmployeeDepartment/service/employee/employee.go:105.54,107.3 1 1
EmployeeDepartment/service/employee/employee.go:110.16,112.3 1 1
EmployeeDepartment/service/employee/employee.go:117.117,119.16 2 1
EmployeeDepartment/service/employee/employee.go:122.2,122.54 1 1
EmployeeDepartment/service/employee/employee.go:126.2,127.16 2 1
EmployeeDepartment/service/employee/employee.go:131.2,131.17 1 1
EmployeeDepartment/service/employee/employee.go:119.16,121.3 1 1
EmployeeDepartment/service/employee/employee.go:122.54,124.3 1 1
EmployeeDepartment/service/employee/employee.go:127.16,129.3 1 1
EmployeeDepartment/service/employee/employee.go:134.73,136.16 2 1
EmployeeDepartment/service/employee/employee.go:140.2,140.17 1 1
EmployeeDepartment/service/employee/employee.go:136.16,138.3 1 1
EmployeeDepartment/service/employee/employee.go:143.98,145.16 2 1
EmployeeDepartment/service/employee/employee.go:149.2,149.17 1 1
EmployeeDepartment/service/employee/employee.go:145.16,147.3 1 1
EmployeeDepartment/service/employee/employee.go:152.91,154.16 2 1
EmployeeDepartment/service/employee/employee.go:158.2,158.17 1 1
EmployeeDepartment/service/employee/employee.go:154.16,156.3 1 1
EmployeeDepartment/service/employee/employee.go:161.90,163.16 2 1
EmployeeDepartment/service/employee/employee.go:167.2,167.17 1 1
EmployeeDepartment/service/employee/employee.go:163.16,165.3 1 1
