mode: set
EmployeeDepartment/Service/Employee/validateEmployee.go:18.46,20.2 1 1
EmployeeDepartment/Service/Employee/validateEmployee.go:22.36,23.28 1 1
EmployeeDepartment/Service/Employee/validateEmployee.go:26.2,26.13 1 1
EmployeeDepartment/Service/Employee/validateEmployee.go:23.28,25.3 1 0
EmployeeDepartment/Service/Employee/validateEmployee.go:29.35,33.44 4 1
EmployeeDepartment/Service/Employee/validateEmployee.go:36.2,36.14 1 1
EmployeeDepartment/Service/Employee/validateEmployee.go:33.44,35.3 1 1
EmployeeDepartment/Service/Employee/validateEmployee.go:39.34,41.32 2 1
EmployeeDepartment/Service/Employee/validateEmployee.go:44.2,44.14 1 0
EmployeeDepartment/Service/Employee/validateEmployee.go:41.32,43.3 1 1
EmployeeDepartment/Service/Employee/validateEmployee.go:47.36,50.32 3 1
EmployeeDepartment/Service/Employee/validateEmployee.go:53.2,53.14 1 0
EmployeeDepartment/Service/Employee/validateEmployee.go:50.32,52.3 1 1
EmployeeDepartment/Service/Employee/validateEmployee.go:55.77,56.16 1 1
EmployeeDepartment/Service/Employee/validateEmployee.go:75.2,75.14 1 0
EmployeeDepartment/Service/Employee/validateEmployee.go:57.13,57.13 0 0
EmployeeDepartment/Service/Employee/validateEmployee.go:58.13,59.32 1 0
EmployeeDepartment/Service/Employee/validateEmployee.go:62.3,62.15 1 0
EmployeeDepartment/Service/Employee/validateEmployee.go:63.15,63.15 0 0
EmployeeDepartment/Service/Employee/validateEmployee.go:64.12,65.36 1 0
EmployeeDepartment/Service/Employee/validateEmployee.go:68.3,68.15 1 0
EmployeeDepartment/Service/Employee/validateEmployee.go:69.13,70.30 1 1
EmployeeDepartment/Service/Employee/validateEmployee.go:73.3,73.15 1 0
EmployeeDepartment/Service/Employee/validateEmployee.go:59.32,61.4 1 0
EmployeeDepartment/Service/Employee/validateEmployee.go:65.36,67.4 1 0
EmployeeDepartment/Service/Employee/validateEmployee.go:70.30,72.4 1 1
EmployeeDepartment/Service/Employee/validateEmployee.go:78.68,80.16 2 1
EmployeeDepartment/Service/Employee/validateEmployee.go:83.2,83.12 1 1
EmployeeDepartment/Service/Employee/validateEmployee.go:80.16,82.3 1 0
EmployeeDepartment/Service/Employee/validateEmployee.go:86.85,88.169 2 1
EmployeeDepartment/Service/Employee/validateEmployee.go:95.2,95.28 1 1
EmployeeDepartment/Service/Employee/validateEmployee.go:88.169,90.17 2 1
EmployeeDepartment/Service/Employee/validateEmployee.go:93.3,93.13 1 1
EmployeeDepartment/Service/Employee/validateEmployee.go:90.17,92.4 1 0
EmployeeDepartment/Service/Employee/validateEmployee.go:98.95,99.124 1 1
EmployeeDepartment/Service/Employee/validateEmployee.go:106.2,106.28 1 1
EmployeeDepartment/Service/Employee/validateEmployee.go:99.124,101.17 2 1
EmployeeDepartment/Service/Employee/validateEmployee.go:104.3,104.13 1 1
EmployeeDepartment/Service/Employee/validateEmployee.go:101.17,103.4 1 0
EmployeeDepartment/Service/Employee/validateEmployee.go:109.56,111.21 2 1
EmployeeDepartment/Service/Employee/validateEmployee.go:118.2,118.28 1 0
EmployeeDepartment/Service/Employee/validateEmployee.go:111.21,113.17 2 1
EmployeeDepartment/Service/Employee/validateEmployee.go:116.3,116.13 1 1
EmployeeDepartment/Service/Employee/validateEmployee.go:113.17,115.4 1 1
EmployeeDepartment/Service/Employee/validateEmployee.go:121.71,123.21 2 1
EmployeeDepartment/Service/Employee/validateEmployee.go:130.2,130.28 1 0
EmployeeDepartment/Service/Employee/validateEmployee.go:123.21,125.17 2 1
EmployeeDepartment/Service/Employee/validateEmployee.go:128.3,128.13 1 1
EmployeeDepartment/Service/Employee/validateEmployee.go:125.17,127.4 1 1
EmployeeDepartment/Service/Employee/validateEmployee.go:133.111,135.16 2 1
EmployeeDepartment/Service/Employee/validateEmployee.go:138.2,138.12 1 1
EmployeeDepartment/Service/Employee/validateEmployee.go:135.16,137.3 1 1
