mode: set
developer.zopsmart.com/go/gofr/pkg/middleware/cspauth/functions.go:18.46,20.2 1 1
developer.zopsmart.com/go/gofr/pkg/middleware/cspauth/functions.go:22.42,23.19 1 1
developer.zopsmart.com/go/gofr/pkg/middleware/cspauth/functions.go:27.2,30.41 3 1
developer.zopsmart.com/go/gofr/pkg/middleware/cspauth/functions.go:23.19,25.3 1 1
developer.zopsmart.com/go/gofr/pkg/middleware/cspauth/functions.go:34.37,39.2 3 1
developer.zopsmart.com/go/gofr/pkg/middleware/cspauth/functions.go:42.39,44.2 1 1
developer.zopsmart.com/go/gofr/pkg/middleware/cspauth/functions.go:47.36,49.2 1 1
developer.zopsmart.com/go/gofr/pkg/middleware/cspauth/functions.go:52.48,54.2 1 1
developer.zopsmart.com/go/gofr/pkg/middleware/cspauth/functions.go:56.76,64.2 6 1
developer.zopsmart.com/go/gofr/pkg/middleware/cspauth/functions.go:69.58,70.20 1 1
developer.zopsmart.com/go/gofr/pkg/middleware/cspauth/functions.go:74.2,76.15 2 1
developer.zopsmart.com/go/gofr/pkg/middleware/cspauth/functions.go:80.2,80.25 1 1
developer.zopsmart.com/go/gofr/pkg/middleware/cspauth/functions.go:84.2,87.24 3 1
developer.zopsmart.com/go/gofr/pkg/middleware/cspauth/functions.go:91.2,91.25 1 1
developer.zopsmart.com/go/gofr/pkg/middleware/cspauth/functions.go:97.2,97.24 1 1
developer.zopsmart.com/go/gofr/pkg/middleware/cspauth/functions.go:70.20,72.3 1 1
developer.zopsmart.com/go/gofr/pkg/middleware/cspauth/functions.go:76.15,78.3 1 1
developer.zopsmart.com/go/gofr/pkg/middleware/cspauth/functions.go:80.25,82.3 1 1
developer.zopsmart.com/go/gofr/pkg/middleware/cspauth/functions.go:87.24,89.3 1 1
developer.zopsmart.com/go/gofr/pkg/middleware/cspauth/functions.go:91.25,92.23 1 1
developer.zopsmart.com/go/gofr/pkg/middleware/cspauth/functions.go:92.23,94.4 1 1
developer.zopsmart.com/go/gofr/pkg/middleware/cspauth/new.go:13.58,14.40 1 1
developer.zopsmart.com/go/gofr/pkg/middleware/cspauth/new.go:19.2,23.8 1 1
developer.zopsmart.com/go/gofr/pkg/middleware/cspauth/new.go:14.40,17.3 2 1
developer.zopsmart.com/go/gofr/pkg/middleware/cspauth/new.go:35.36,36.23 1 1
developer.zopsmart.com/go/gofr/pkg/middleware/cspauth/new.go:40.2,40.34 1 1
developer.zopsmart.com/go/gofr/pkg/middleware/cspauth/new.go:44.2,44.19 1 1
developer.zopsmart.com/go/gofr/pkg/middleware/cspauth/new.go:48.2,48.12 1 1
developer.zopsmart.com/go/gofr/pkg/middleware/cspauth/new.go:36.23,38.3 1 1
developer.zopsmart.com/go/gofr/pkg/middleware/cspauth/new.go:40.34,42.3 1 1
developer.zopsmart.com/go/gofr/pkg/middleware/cspauth/new.go:44.19,46.3 1 1
developer.zopsmart.com/go/gofr/pkg/middleware/cspauth/cspauth.go:13.89,14.47 1 1
developer.zopsmart.com/go/gofr/pkg/middleware/cspauth/cspauth.go:14.47,15.74 1 1
developer.zopsmart.com/go/gofr/pkg/middleware/cspauth/cspauth.go:15.74,16.34 1 1
developer.zopsmart.com/go/gofr/pkg/middleware/cspauth/cspauth.go:21.4,24.18 3 1
developer.zopsmart.com/go/gofr/pkg/middleware/cspauth/cspauth.go:31.4,32.18 2 1
developer.zopsmart.com/go/gofr/pkg/middleware/cspauth/cspauth.go:40.4,40.27 1 1
developer.zopsmart.com/go/gofr/pkg/middleware/cspauth/cspauth.go:16.34,20.5 2 1
developer.zopsmart.com/go/gofr/pkg/middleware/cspauth/cspauth.go:24.18,29.5 3 1
developer.zopsmart.com/go/gofr/pkg/middleware/cspauth/cspauth.go:32.18,38.5 4 1
developer.zopsmart.com/go/gofr/pkg/middleware/cspauth/cspauth.go:45.63,47.14 2 1
developer.zopsmart.com/go/gofr/pkg/middleware/cspauth/cspauth.go:52.2,58.3 1 1
developer.zopsmart.com/go/gofr/pkg/middleware/cspauth/cspauth.go:47.14,50.3 1 1
developer.zopsmart.com/go/gofr/pkg/middleware/cspauth/cspauth.go:72.66,74.16 2 1
developer.zopsmart.com/go/gofr/pkg/middleware/cspauth/cspauth.go:78.2,81.16 3 1
developer.zopsmart.com/go/gofr/pkg/middleware/cspauth/cspauth.go:87.2,95.49 4 1
developer.zopsmart.com/go/gofr/pkg/middleware/cspauth/cspauth.go:99.2,99.12 1 1
developer.zopsmart.com/go/gofr/pkg/middleware/cspauth/cspauth.go:74.16,76.3 1 1
developer.zopsmart.com/go/gofr/pkg/middleware/cspauth/cspauth.go:81.16,85.3 2 1
developer.zopsmart.com/go/gofr/pkg/middleware/cspauth/cspauth.go:95.49,97.3 1 1
developer.zopsmart.com/go/gofr/pkg/middleware/cspauth/cspauth.go:102.91,104.16 2 1
developer.zopsmart.com/go/gofr/pkg/middleware/cspauth/cspauth.go:110.2,110.44 1 1
developer.zopsmart.com/go/gofr/pkg/middleware/cspauth/cspauth.go:114.2,117.16 3 1
developer.zopsmart.com/go/gofr/pkg/middleware/cspauth/cspauth.go:124.2,125.16 2 1
developer.zopsmart.com/go/gofr/pkg/middleware/cspauth/cspauth.go:131.2,131.34 1 1
developer.zopsmart.com/go/gofr/pkg/middleware/cspauth/cspauth.go:104.16,108.3 2 1
developer.zopsmart.com/go/gofr/pkg/middleware/cspauth/cspauth.go:110.44,112.3 1 1
developer.zopsmart.com/go/gofr/pkg/middleware/cspauth/cspauth.go:117.16,121.3 2 1
developer.zopsmart.com/go/gofr/pkg/middleware/cspauth/cspauth.go:125.16,129.3 2 1
