mode: set
developer.zopsmart.com/go/gofr/Emp-Dept/handler/department/department.go:16.40,18.2 1 1
developer.zopsmart.com/go/gofr/Emp-Dept/handler/department/department.go:19.63,23.16 3 1
developer.zopsmart.com/go/gofr/Emp-Dept/handler/department/department.go:27.2,28.16 2 1
developer.zopsmart.com/go/gofr/Emp-Dept/handler/department/department.go:32.2,32.17 1 1
developer.zopsmart.com/go/gofr/Emp-Dept/handler/department/department.go:23.16,25.3 1 1
developer.zopsmart.com/go/gofr/Emp-Dept/handler/department/department.go:28.16,30.3 1 1
developer.zopsmart.com/go/gofr/Emp-Dept/handler/department/department.go:35.62,41.16 4 1
developer.zopsmart.com/go/gofr/Emp-Dept/handler/department/department.go:45.2,46.16 2 1
developer.zopsmart.com/go/gofr/Emp-Dept/handler/department/department.go:50.2,51.16 2 1
developer.zopsmart.com/go/gofr/Emp-Dept/handler/department/department.go:55.2,55.17 1 1
developer.zopsmart.com/go/gofr/Emp-Dept/handler/department/department.go:41.16,43.3 1 1
developer.zopsmart.com/go/gofr/Emp-Dept/handler/department/department.go:46.16,48.3 1 1
developer.zopsmart.com/go/gofr/Emp-Dept/handler/department/department.go:51.16,53.3 1 1
developer.zopsmart.com/go/gofr/Emp-Dept/handler/department/department.go:58.65,62.16 3 1
developer.zopsmart.com/go/gofr/Emp-Dept/handler/department/department.go:66.2,67.16 2 1
developer.zopsmart.com/go/gofr/Emp-Dept/handler/department/department.go:71.2,71.17 1 1
developer.zopsmart.com/go/gofr/Emp-Dept/handler/department/department.go:62.16,64.3 1 1
developer.zopsmart.com/go/gofr/Emp-Dept/handler/department/department.go:67.16,69.3 1 1
