mode: set
EmployeeDepartment/store/employee/employee.go:19.28,21.2 1 1
EmployeeDepartment/store/employee/employee.go:23.96,27.16 3 1
EmployeeDepartment/store/employee/employee.go:31.2,32.23 2 1
EmployeeDepartment/store/employee/employee.go:37.2,37.81 1 1
EmployeeDepartment/store/employee/employee.go:27.16,29.3 1 1
EmployeeDepartment/store/employee/employee.go:32.23,35.3 2 1
EmployeeDepartment/store/employee/employee.go:40.110,43.16 2 1
EmployeeDepartment/store/employee/employee.go:47.2,48.23 2 1
EmployeeDepartment/store/employee/employee.go:53.2,53.82 1 1
EmployeeDepartment/store/employee/employee.go:43.16,45.3 1 1
EmployeeDepartment/store/employee/employee.go:48.23,51.3 2 1
EmployeeDepartment/store/employee/employee.go:56.71,58.16 2 1
EmployeeDepartment/store/employee/employee.go:62.2,63.23 2 1
EmployeeDepartment/store/employee/employee.go:67.2,67.78 1 1
EmployeeDepartment/store/employee/employee.go:58.16,60.3 1 1
EmployeeDepartment/store/employee/employee.go:63.23,65.3 1 1
EmployeeDepartment/store/employee/employee.go:70.96,79.16 4 1
EmployeeDepartment/store/employee/employee.go:83.2,83.17 1 1
EmployeeDepartment/store/employee/employee.go:79.16,81.3 1 1
EmployeeDepartment/store/employee/employee.go:86.89,88.16 2 1
EmployeeDepartment/store/employee/employee.go:92.2,96.18 3 1
EmployeeDepartment/store/employee/employee.go:110.2,110.20 1 1
EmployeeDepartment/store/employee/employee.go:114.2,114.18 1 1
EmployeeDepartment/store/employee/employee.go:88.16,90.3 1 1
EmployeeDepartment/store/employee/employee.go:96.18,98.17 2 1
EmployeeDepartment/store/employee/employee.go:102.3,102.49 1 1
EmployeeDepartment/store/employee/employee.go:107.3,107.28 1 1
EmployeeDepartment/store/employee/employee.go:98.17,100.4 1 0
EmployeeDepartment/store/employee/employee.go:102.49,105.4 2 1
EmployeeDepartment/store/employee/employee.go:110.20,112.3 1 1
EmployeeDepartment/store/employee/employee.go:117.66,118.21 1 1
EmployeeDepartment/store/employee/employee.go:126.2,129.18 2 1
EmployeeDepartment/store/employee/employee.go:118.21,124.3 2 1
EmployeeDepartment/store/employee/employee.go:132.89,137.16 3 1
EmployeeDepartment/store/employee/employee.go:141.2,144.16 3 1
EmployeeDepartment/store/employee/employee.go:148.2,150.17 2 1
EmployeeDepartment/store/employee/employee.go:137.16,139.3 1 1
EmployeeDepartment/store/employee/employee.go:144.16,146.3 1 0
