mode: set
developer.zopsmart.com/go/gofr/Emp-Dept/datastore/employee/employee.go:18.18,20.2 1 1
developer.zopsmart.com/go/gofr/Emp-Dept/datastore/employee/employee.go:22.84,26.16 3 1
developer.zopsmart.com/go/gofr/Emp-Dept/datastore/employee/employee.go:30.2,32.23 2 1
developer.zopsmart.com/go/gofr/Emp-Dept/datastore/employee/employee.go:37.2,37.58 1 1
developer.zopsmart.com/go/gofr/Emp-Dept/datastore/employee/employee.go:26.16,28.3 1 1
developer.zopsmart.com/go/gofr/Emp-Dept/datastore/employee/employee.go:32.23,35.3 2 1
developer.zopsmart.com/go/gofr/Emp-Dept/datastore/employee/employee.go:40.97,43.16 2 1
developer.zopsmart.com/go/gofr/Emp-Dept/datastore/employee/employee.go:47.2,48.23 2 1
developer.zopsmart.com/go/gofr/Emp-Dept/datastore/employee/employee.go:53.2,53.58 1 1
developer.zopsmart.com/go/gofr/Emp-Dept/datastore/employee/employee.go:43.16,45.3 1 1
developer.zopsmart.com/go/gofr/Emp-Dept/datastore/employee/employee.go:48.23,51.3 2 1
developer.zopsmart.com/go/gofr/Emp-Dept/datastore/employee/employee.go:56.69,58.16 2 1
developer.zopsmart.com/go/gofr/Emp-Dept/datastore/employee/employee.go:62.2,63.23 2 1
developer.zopsmart.com/go/gofr/Emp-Dept/datastore/employee/employee.go:67.2,67.83 1 1
developer.zopsmart.com/go/gofr/Emp-Dept/datastore/employee/employee.go:58.16,60.3 1 1
developer.zopsmart.com/go/gofr/Emp-Dept/datastore/employee/employee.go:63.23,65.3 1 1
developer.zopsmart.com/go/gofr/Emp-Dept/datastore/employee/employee.go:70.74,79.16 4 1
developer.zopsmart.com/go/gofr/Emp-Dept/datastore/employee/employee.go:83.2,83.17 1 1
developer.zopsmart.com/go/gofr/Emp-Dept/datastore/employee/employee.go:79.16,81.3 1 1
developer.zopsmart.com/go/gofr/Emp-Dept/datastore/employee/employee.go:86.90,88.16 2 1
developer.zopsmart.com/go/gofr/Emp-Dept/datastore/employee/employee.go:92.2,96.18 3 1
developer.zopsmart.com/go/gofr/Emp-Dept/datastore/employee/employee.go:111.2,111.20 1 1
developer.zopsmart.com/go/gofr/Emp-Dept/datastore/employee/employee.go:115.2,115.18 1 1
developer.zopsmart.com/go/gofr/Emp-Dept/datastore/employee/employee.go:88.16,90.3 1 1
developer.zopsmart.com/go/gofr/Emp-Dept/datastore/employee/employee.go:96.18,99.17 2 1
developer.zopsmart.com/go/gofr/Emp-Dept/datastore/employee/employee.go:103.3,103.29 1 1
developer.zopsmart.com/go/gofr/Emp-Dept/datastore/employee/employee.go:108.3,108.28 1 1
developer.zopsmart.com/go/gofr/Emp-Dept/datastore/employee/employee.go:99.17,101.4 1 0
developer.zopsmart.com/go/gofr/Emp-Dept/datastore/employee/employee.go:103.29,106.4 2 1
developer.zopsmart.com/go/gofr/Emp-Dept/datastore/employee/employee.go:111.20,113.3 1 1
developer.zopsmart.com/go/gofr/Emp-Dept/datastore/employee/employee.go:118.75,119.16 1 1
developer.zopsmart.com/go/gofr/Emp-Dept/datastore/employee/employee.go:127.2,130.18 2 1
developer.zopsmart.com/go/gofr/Emp-Dept/datastore/employee/employee.go:119.16,125.3 2 1
developer.zopsmart.com/go/gofr/Emp-Dept/datastore/employee/employee.go:133.86,139.16 4 1
developer.zopsmart.com/go/gofr/Emp-Dept/datastore/employee/employee.go:143.2,143.17 1 1
developer.zopsmart.com/go/gofr/Emp-Dept/datastore/employee/employee.go:139.16,141.3 1 1
