mode: set
developer.zopsmart.com/go/gofr/pkg/datastore/pubsub/kafka/kafka.go:156.40,177.16 9 1
developer.zopsmart.com/go/gofr/pkg/datastore/pubsub/kafka/kafka.go:181.2,182.16 2 1
developer.zopsmart.com/go/gofr/pkg/datastore/pubsub/kafka/kafka.go:186.2,193.16 3 1
developer.zopsmart.com/go/gofr/pkg/datastore/pubsub/kafka/kafka.go:197.2,197.22 1 1
developer.zopsmart.com/go/gofr/pkg/datastore/pubsub/kafka/kafka.go:177.16,179.3 1 1
developer.zopsmart.com/go/gofr/pkg/datastore/pubsub/kafka/kafka.go:182.16,184.3 1 0
developer.zopsmart.com/go/gofr/pkg/datastore/pubsub/kafka/kafka.go:193.16,195.3 1 0
developer.zopsmart.com/go/gofr/pkg/datastore/pubsub/kafka/kafka.go:204.61,212.110 7 1
developer.zopsmart.com/go/gofr/pkg/datastore/pubsub/kafka/kafka.go:216.2,224.16 6 1
developer.zopsmart.com/go/gofr/pkg/datastore/pubsub/kafka/kafka.go:228.2,229.16 2 1
developer.zopsmart.com/go/gofr/pkg/datastore/pubsub/kafka/kafka.go:233.2,235.40 2 1
developer.zopsmart.com/go/gofr/pkg/datastore/pubsub/kafka/kafka.go:239.2,239.22 1 1
developer.zopsmart.com/go/gofr/pkg/datastore/pubsub/kafka/kafka.go:212.110,214.3 1 1
developer.zopsmart.com/go/gofr/pkg/datastore/pubsub/kafka/kafka.go:224.16,226.3 1 1
developer.zopsmart.com/go/gofr/pkg/datastore/pubsub/kafka/kafka.go:229.16,231.3 1 0
developer.zopsmart.com/go/gofr/pkg/datastore/pubsub/kafka/kafka.go:235.40,237.3 1 0
developer.zopsmart.com/go/gofr/pkg/datastore/pubsub/kafka/kafka.go:243.37,245.21 2 1
developer.zopsmart.com/go/gofr/pkg/datastore/pubsub/kafka/kafka.go:249.2,249.30 1 1
developer.zopsmart.com/go/gofr/pkg/datastore/pubsub/kafka/kafka.go:245.21,247.3 1 1
developer.zopsmart.com/go/gofr/pkg/datastore/pubsub/kafka/kafka.go:249.30,250.20 1 1
developer.zopsmart.com/go/gofr/pkg/datastore/pubsub/kafka/kafka.go:250.20,252.4 1 1
developer.zopsmart.com/go/gofr/pkg/datastore/pubsub/kafka/kafka.go:260.68,265.2 3 1
developer.zopsmart.com/go/gofr/pkg/datastore/pubsub/kafka/kafka.go:271.58,276.16 4 1
developer.zopsmart.com/go/gofr/pkg/datastore/pubsub/kafka/kafka.go:280.2,292.8 3 1
developer.zopsmart.com/go/gofr/pkg/datastore/pubsub/kafka/kafka.go:276.16,278.3 1 1
developer.zopsmart.com/go/gofr/pkg/datastore/pubsub/kafka/kafka.go:295.41,296.19 1 1
developer.zopsmart.com/go/gofr/pkg/datastore/pubsub/kafka/kafka.go:304.2,304.26 1 1
developer.zopsmart.com/go/gofr/pkg/datastore/pubsub/kafka/kafka.go:308.2,314.32 4 1
developer.zopsmart.com/go/gofr/pkg/datastore/pubsub/kafka/kafka.go:318.2,318.26 1 1
developer.zopsmart.com/go/gofr/pkg/datastore/pubsub/kafka/kafka.go:322.2,322.30 1 1
developer.zopsmart.com/go/gofr/pkg/datastore/pubsub/kafka/kafka.go:326.2,326.31 1 1
developer.zopsmart.com/go/gofr/pkg/datastore/pubsub/kafka/kafka.go:331.2,331.34 1 1
developer.zopsmart.com/go/gofr/pkg/datastore/pubsub/kafka/kafka.go:335.2,335.26 1 1
developer.zopsmart.com/go/gofr/pkg/datastore/pubsub/kafka/kafka.go:339.2,339.57 1 1
developer.zopsmart.com/go/gofr/pkg/datastore/pubsub/kafka/kafka.go:296.19,302.3 2 0
developer.zopsmart.com/go/gofr/pkg/datastore/pubsub/kafka/kafka.go:304.26,306.3 1 1
developer.zopsmart.com/go/gofr/pkg/datastore/pubsub/kafka/kafka.go:314.32,316.3 1 1
developer.zopsmart.com/go/gofr/pkg/datastore/pubsub/kafka/kafka.go:318.26,320.3 1 1
developer.zopsmart.com/go/gofr/pkg/datastore/pubsub/kafka/kafka.go:322.30,324.3 1 1
developer.zopsmart.com/go/gofr/pkg/datastore/pubsub/kafka/kafka.go:326.31,328.3 1 1
developer.zopsmart.com/go/gofr/pkg/datastore/pubsub/kafka/kafka.go:331.34,333.3 1 0
developer.zopsmart.com/go/gofr/pkg/datastore/pubsub/kafka/kafka.go:335.26,337.3 1 1
developer.zopsmart.com/go/gofr/pkg/datastore/pubsub/kafka/kafka.go:339.57,341.3 1 1
developer.zopsmart.com/go/gofr/pkg/datastore/pubsub/kafka/kafka.go:344.46,345.40 1 1
developer.zopsmart.com/go/gofr/pkg/datastore/pubsub/kafka/kafka.go:349.2,349.36 1 1
developer.zopsmart.com/go/gofr/pkg/datastore/pubsub/kafka/kafka.go:353.2,353.40 1 1
developer.zopsmart.com/go/gofr/pkg/datastore/pubsub/kafka/kafka.go:357.2,357.34 1 1
developer.zopsmart.com/go/gofr/pkg/datastore/pubsub/kafka/kafka.go:361.2,361.39 1 1
developer.zopsmart.com/go/gofr/pkg/datastore/pubsub/kafka/kafka.go:365.2,368.40 3 1
developer.zopsmart.com/go/gofr/pkg/datastore/pubsub/kafka/kafka.go:372.2,372.38 1 1
developer.zopsmart.com/go/gofr/pkg/datastore/pubsub/kafka/kafka.go:376.2,376.51 1 1
developer.zopsmart.com/go/gofr/pkg/datastore/pubsub/kafka/kafka.go:345.40,347.3 1 0
developer.zopsmart.com/go/gofr/pkg/datastore/pubsub/kafka/kafka.go:349.36,351.3 1 0
developer.zopsmart.com/go/gofr/pkg/datastore/pubsub/kafka/kafka.go:353.40,355.3 1 0
developer.zopsmart.com/go/gofr/pkg/datastore/pubsub/kafka/kafka.go:357.34,359.3 1 0
developer.zopsmart.com/go/gofr/pkg/datastore/pubsub/kafka/kafka.go:361.39,363.3 1 0
developer.zopsmart.com/go/gofr/pkg/datastore/pubsub/kafka/kafka.go:368.40,370.3 1 0
developer.zopsmart.com/go/gofr/pkg/datastore/pubsub/kafka/kafka.go:372.38,374.3 1 0
developer.zopsmart.com/go/gofr/pkg/datastore/pubsub/kafka/kafka.go:376.51,378.3 1 0
developer.zopsmart.com/go/gofr/pkg/datastore/pubsub/kafka/kafka.go:381.60,382.38 1 1
developer.zopsmart.com/go/gofr/pkg/datastore/pubsub/kafka/kafka.go:382.38,392.22 7 1
developer.zopsmart.com/go/gofr/pkg/datastore/pubsub/kafka/kafka.go:393.28,395.71 2 1
developer.zopsmart.com/go/gofr/pkg/datastore/pubsub/kafka/kafka.go:398.14,399.63 1 1
developer.zopsmart.com/go/gofr/pkg/datastore/pubsub/kafka/kafka.go:395.71,397.5 1 0
developer.zopsmart.com/go/gofr/pkg/datastore/pubsub/kafka/kafka.go:404.100,409.2 1 1
developer.zopsmart.com/go/gofr/pkg/datastore/pubsub/kafka/kafka.go:412.46,413.20 1 1
developer.zopsmart.com/go/gofr/pkg/datastore/pubsub/kafka/kafka.go:417.2,417.25 1 1
developer.zopsmart.com/go/gofr/pkg/datastore/pubsub/kafka/kafka.go:421.2,421.32 1 1
developer.zopsmart.com/go/gofr/pkg/datastore/pubsub/kafka/kafka.go:425.2,428.9 3 1
developer.zopsmart.com/go/gofr/pkg/datastore/pubsub/kafka/kafka.go:437.2,439.34 2 1
developer.zopsmart.com/go/gofr/pkg/datastore/pubsub/kafka/kafka.go:443.2,453.16 3 1
developer.zopsmart.com/go/gofr/pkg/datastore/pubsub/kafka/kafka.go:459.2,461.12 2 1
developer.zopsmart.com/go/gofr/pkg/datastore/pubsub/kafka/kafka.go:413.20,415.3 1 0
developer.zopsmart.com/go/gofr/pkg/datastore/pubsub/kafka/kafka.go:417.25,419.3 1 0
developer.zopsmart.com/go/gofr/pkg/datastore/pubsub/kafka/kafka.go:421.32,423.3 1 0
developer.zopsmart.com/go/gofr/pkg/datastore/pubsub/kafka/kafka.go:428.9,430.17 2 1
developer.zopsmart.com/go/gofr/pkg/datastore/pubsub/kafka/kafka.go:430.17,434.4 2 1
developer.zopsmart.com/go/gofr/pkg/datastore/pubsub/kafka/kafka.go:439.34,441.3 1 1
developer.zopsmart.com/go/gofr/pkg/datastore/pubsub/kafka/kafka.go:453.16,457.3 2 0
developer.zopsmart.com/go/gofr/pkg/datastore/pubsub/kafka/kafka.go:468.31,471.72 2 1
developer.zopsmart.com/go/gofr/pkg/datastore/pubsub/kafka/kafka.go:487.2,487.12 1 1
developer.zopsmart.com/go/gofr/pkg/datastore/pubsub/kafka/kafka.go:471.72,472.7 1 1
developer.zopsmart.com/go/gofr/pkg/datastore/pubsub/kafka/kafka.go:472.7,473.73 1 1
developer.zopsmart.com/go/gofr/pkg/datastore/pubsub/kafka/kafka.go:478.4,478.32 1 0
developer.zopsmart.com/go/gofr/pkg/datastore/pubsub/kafka/kafka.go:483.4,483.35 1 0
developer.zopsmart.com/go/gofr/pkg/datastore/pubsub/kafka/kafka.go:473.73,476.5 2 1
developer.zopsmart.com/go/gofr/pkg/datastore/pubsub/kafka/kafka.go:478.32,481.5 2 0
developer.zopsmart.com/go/gofr/pkg/datastore/pubsub/kafka/kafka.go:490.61,492.10 1 1
developer.zopsmart.com/go/gofr/pkg/datastore/pubsub/kafka/kafka.go:496.2,496.9 1 1
developer.zopsmart.com/go/gofr/pkg/datastore/pubsub/kafka/kafka.go:503.2,504.16 2 1
developer.zopsmart.com/go/gofr/pkg/datastore/pubsub/kafka/kafka.go:508.2,510.32 2 1
developer.zopsmart.com/go/gofr/pkg/datastore/pubsub/kafka/kafka.go:517.2,528.8 4 1
developer.zopsmart.com/go/gofr/pkg/datastore/pubsub/kafka/kafka.go:492.10,494.4 1 1
developer.zopsmart.com/go/gofr/pkg/datastore/pubsub/kafka/kafka.go:497.31,498.16 1 1
developer.zopsmart.com/go/gofr/pkg/datastore/pubsub/kafka/kafka.go:500.47,500.47 0 1
developer.zopsmart.com/go/gofr/pkg/datastore/pubsub/kafka/kafka.go:504.16,506.3 1 1
developer.zopsmart.com/go/gofr/pkg/datastore/pubsub/kafka/kafka.go:510.32,511.43 1 1
developer.zopsmart.com/go/gofr/pkg/datastore/pubsub/kafka/kafka.go:511.43,513.4 1 1
developer.zopsmart.com/go/gofr/pkg/datastore/pubsub/kafka/kafka.go:535.54,537.16 2 1
developer.zopsmart.com/go/gofr/pkg/datastore/pubsub/kafka/kafka.go:546.2,555.21 4 1
developer.zopsmart.com/go/gofr/pkg/datastore/pubsub/kafka/kafka.go:537.16,544.3 4 1
developer.zopsmart.com/go/gofr/pkg/datastore/pubsub/kafka/kafka.go:558.83,559.6 1 1
developer.zopsmart.com/go/gofr/pkg/datastore/pubsub/kafka/kafka.go:559.6,561.17 2 1
developer.zopsmart.com/go/gofr/pkg/datastore/pubsub/kafka/kafka.go:573.3,573.15 1 1
developer.zopsmart.com/go/gofr/pkg/datastore/pubsub/kafka/kafka.go:581.3,587.15 4 1
developer.zopsmart.com/go/gofr/pkg/datastore/pubsub/kafka/kafka.go:595.3,595.18 1 1
developer.zopsmart.com/go/gofr/pkg/datastore/pubsub/kafka/kafka.go:561.17,568.4 4 1
developer.zopsmart.com/go/gofr/pkg/datastore/pubsub/kafka/kafka.go:573.15,579.4 3 1
developer.zopsmart.com/go/gofr/pkg/datastore/pubsub/kafka/kafka.go:587.15,593.4 1 1
developer.zopsmart.com/go/gofr/pkg/datastore/pubsub/kafka/kafka.go:595.18,597.4 1 1
developer.zopsmart.com/go/gofr/pkg/datastore/pubsub/kafka/kafka.go:601.64,603.2 1 0
developer.zopsmart.com/go/gofr/pkg/datastore/pubsub/kafka/kafka.go:605.30,609.31 3 1
developer.zopsmart.com/go/gofr/pkg/datastore/pubsub/kafka/kafka.go:624.2,624.33 1 1
developer.zopsmart.com/go/gofr/pkg/datastore/pubsub/kafka/kafka.go:628.2,628.12 1 1
developer.zopsmart.com/go/gofr/pkg/datastore/pubsub/kafka/kafka.go:609.31,612.17 2 1
developer.zopsmart.com/go/gofr/pkg/datastore/pubsub/kafka/kafka.go:616.3,617.17 2 1
developer.zopsmart.com/go/gofr/pkg/datastore/pubsub/kafka/kafka.go:621.3,621.54 1 1
developer.zopsmart.com/go/gofr/pkg/datastore/pubsub/kafka/kafka.go:612.17,613.9 1 1
developer.zopsmart.com/go/gofr/pkg/datastore/pubsub/kafka/kafka.go:617.17,619.4 1 0
developer.zopsmart.com/go/gofr/pkg/datastore/pubsub/kafka/kafka.go:624.33,626.3 1 1
developer.zopsmart.com/go/gofr/pkg/datastore/pubsub/kafka/kafka.go:630.31,633.2 2 1
developer.zopsmart.com/go/gofr/pkg/datastore/pubsub/kafka/kafka.go:635.32,638.2 2 1
developer.zopsmart.com/go/gofr/pkg/datastore/pubsub/kafka/kafka.go:642.36,644.2 1 0
developer.zopsmart.com/go/gofr/pkg/datastore/pubsub/kafka/kafka.go:660.74,661.37 1 0
developer.zopsmart.com/go/gofr/pkg/datastore/pubsub/kafka/kafka.go:661.37,667.3 3 0
developer.zopsmart.com/go/gofr/pkg/datastore/pubsub/kafka/kafka.go:671.77,673.29 1 1
developer.zopsmart.com/go/gofr/pkg/datastore/pubsub/kafka/kafka.go:680.2,682.12 2 1
developer.zopsmart.com/go/gofr/pkg/datastore/pubsub/kafka/kafka.go:673.29,675.11 1 0
developer.zopsmart.com/go/gofr/pkg/datastore/pubsub/kafka/kafka.go:675.11,677.5 1 0
developer.zopsmart.com/go/gofr/pkg/datastore/pubsub/kafka/kafka.go:686.77,688.2 1 0
developer.zopsmart.com/go/gofr/pkg/datastore/pubsub/kafka/kafka.go:693.41,698.6 1 1
developer.zopsmart.com/go/gofr/pkg/datastore/pubsub/kafka/kafka.go:698.6,699.10 1 1
developer.zopsmart.com/go/gofr/pkg/datastore/pubsub/kafka/kafka.go:700.38,704.27 4 1
developer.zopsmart.com/go/gofr/pkg/datastore/pubsub/kafka/kafka.go:706.35,707.14 1 0
developer.zopsmart.com/go/gofr/pkg/datastore/pubsub/kafka/kafka.go:719.47,721.2 1 1
developer.zopsmart.com/go/gofr/pkg/datastore/pubsub/kafka/kafka.go:723.63,725.2 1 1
developer.zopsmart.com/go/gofr/pkg/datastore/pubsub/kafka/kafka.go:727.49,729.2 1 1
developer.zopsmart.com/go/gofr/pkg/datastore/pubsub/kafka/kafka.go:734.61,739.32 3 1
developer.zopsmart.com/go/gofr/pkg/datastore/pubsub/kafka/kafka.go:743.2,743.45 1 1
developer.zopsmart.com/go/gofr/pkg/datastore/pubsub/kafka/kafka.go:739.32,741.3 1 0
developer.zopsmart.com/go/gofr/pkg/datastore/pubsub/kafka/kafka.go:746.44,747.14 1 1
developer.zopsmart.com/go/gofr/pkg/datastore/pubsub/kafka/kafka.go:754.2,763.44 3 1
developer.zopsmart.com/go/gofr/pkg/datastore/pubsub/kafka/kafka.go:767.2,768.16 2 1
developer.zopsmart.com/go/gofr/pkg/datastore/pubsub/kafka/kafka.go:772.2,774.13 2 1
developer.zopsmart.com/go/gofr/pkg/datastore/pubsub/kafka/kafka.go:747.14,752.3 1 1
developer.zopsmart.com/go/gofr/pkg/datastore/pubsub/kafka/kafka.go:763.44,765.3 1 1
developer.zopsmart.com/go/gofr/pkg/datastore/pubsub/kafka/kafka.go:768.16,770.3 1 0
developer.zopsmart.com/go/gofr/pkg/datastore/pubsub/kafka/kafka.go:777.30,778.14 1 1
developer.zopsmart.com/go/gofr/pkg/datastore/pubsub/kafka/kafka.go:782.2,782.44 1 1
developer.zopsmart.com/go/gofr/pkg/datastore/pubsub/kafka/kafka.go:786.2,786.13 1 1
developer.zopsmart.com/go/gofr/pkg/datastore/pubsub/kafka/kafka.go:778.14,780.3 1 1
developer.zopsmart.com/go/gofr/pkg/datastore/pubsub/kafka/kafka.go:782.44,784.3 1 1
developer.zopsmart.com/go/gofr/pkg/datastore/pubsub/kafka/kafka.go:789.107,791.16 2 1
developer.zopsmart.com/go/gofr/pkg/datastore/pubsub/kafka/kafka.go:796.2,797.16 2 1
developer.zopsmart.com/go/gofr/pkg/datastore/pubsub/kafka/kafka.go:802.2,802.15 1 1
developer.zopsmart.com/go/gofr/pkg/datastore/pubsub/kafka/kafka.go:791.16,794.3 2 1
developer.zopsmart.com/go/gofr/pkg/datastore/pubsub/kafka/kafka.go:797.16,800.3 2 1
developer.zopsmart.com/go/gofr/pkg/datastore/pubsub/kafka/scram.go:23.80,25.16 2 1
developer.zopsmart.com/go/gofr/pkg/datastore/pubsub/kafka/scram.go:29.2,31.12 2 1
developer.zopsmart.com/go/gofr/pkg/datastore/pubsub/kafka/scram.go:25.16,27.3 1 1
developer.zopsmart.com/go/gofr/pkg/datastore/pubsub/kafka/scram.go:38.78,42.2 2 1
developer.zopsmart.com/go/gofr/pkg/datastore/pubsub/kafka/scram.go:48.38,50.2 1 1
